


ARM Macro Assembler    Page 1 


    1 00000000                 AREA             asn4, CODE, READONLY
    2 00000000                 ENTRY
    3 00000000         
    4 00000000 E51F0008        LDR              r0, X       ;loads in the value
                                                             X in r0
    5 00000004 EB000000        BL               FUNCTION1   ;Runs the function
    6 00000008 E1A01080        MOV              r1, r0, LSL #1 ;doubles the val
                                                            ue in r0 (the retur
                                                            ned value)
    7 0000000C         
    8 0000000C         
    9 0000000C         
   10 0000000C         
   11 0000000C E92D003E 
                       FUNCTION1
                               PUSH             {r1-r5}     ;pushes the old val
                                                            ues in r1-r5 onto t
                                                            he stack to store t
                                                            hem
   12 00000010 E51F1008        LDR              r1, va      ;loads in the regis
                                                            ters with new value
                                                            s
   13 00000014 E51F3008        LDR              r3, vd      ;loads in the value
                                                             d to r3
   14 00000018 E51F4008        LDR              r4, vb      ;loads in the value
                                                             b to r4
   15 0000001C E51F5008        LDR              r5, vc      ;loads in the value
                                                             c to r5
   16 00000020 E0224091        MLA              r2, r1, r0, r4 ; multiplies r1 
                                                            by r0 and adds r4 a
                                                            nd stores the value
                                                             in r2 (ax+b)
   17 00000024 E0205092        MLA              r0, r2, r0, r5 ; multiples the 
                                                            value in r2 by r0 a
                                                            nd adds r5 (x(ax+b)
                                                            +c=ax^2+bx+c)
   18 00000028 E1500003        CMP              r0, r3      ;compares the y val
                                                            ue (r0) to d (r3)
   19 0000002C C1A00003        MOVGT            r0, r3      ;if y is greater re
                                                            places the y value 
                                                            with d
   20 00000030 E8BD003E        POP              {r1-r5}     ;restores the old r
                                                            egister values by p
                                                            opping items off th
                                                            e stack
   21 00000034 E1A0F00E        MOV              pc, lr      ;returns to where t
                                                            he function was cal
                                                            led
   22 00000038         
   23 00000038                 AREA             sn4, DATA, READONLY
   24 00000000 00000002 
                       va      DCD              2
   25 00000004 00000003 
                       vb      DCD              3
   26 00000008 00000004 
                       vc      DCD              4
   27 0000000C 00000046 
                       vd      DCD              70
   28 00000010 00000005 



ARM Macro Assembler    Page 2 


                       X       DCD              5
   29 00000014         
   30 00000014                 END
Command Line: --debug --xref --bi --apcs=interwork --depend=.\asn4.d -o.\asn4.o
 -IC:\Keil\ARM\RV31\INC -IC:\Keil\ARM\CMSIS\Include --predefine="__EVAL SETA 1"
 --list=.\asn4.lst asn4.s



ARM Macro Assembler    Page 1 Alphabetic symbol ordering
Relocatable symbols

FUNCTION1 0000000C

Symbol: FUNCTION1
   Definitions
      At line 11 in file asn4.s
   Uses
      At line 5 in file asn4.s
Comment: FUNCTION1 used once
asn4 00000000

Symbol: asn4
   Definitions
      At line 1 in file asn4.s
   Uses
      None
Comment: asn4 unused
2 symbols



ARM Macro Assembler    Page 1 Alphabetic symbol ordering
Relocatable symbols

X 00000010

Symbol: X
   Definitions
      At line 28 in file asn4.s
   Uses
      At line 4 in file asn4.s
Comment: X used once
sn4 00000000

Symbol: sn4
   Definitions
      At line 23 in file asn4.s
   Uses
      None
Comment: sn4 unused
va 00000000

Symbol: va
   Definitions
      At line 24 in file asn4.s
   Uses
      At line 12 in file asn4.s
Comment: va used once
vb 00000004

Symbol: vb
   Definitions
      At line 25 in file asn4.s
   Uses
      At line 14 in file asn4.s
Comment: vb used once
vc 00000008

Symbol: vc
   Definitions
      At line 26 in file asn4.s
   Uses
      At line 15 in file asn4.s
Comment: vc used once
vd 0000000C

Symbol: vd
   Definitions
      At line 27 in file asn4.s
   Uses
      At line 13 in file asn4.s
Comment: vd used once
6 symbols
339 symbols in table
